Using pre-set license
Built from '2021.1/staging' branch; Version is '2021.1.22f1 (a137e5fb0427) revision 10565605'; Using compiler version '192528614'; Build Type 'Release'
OS: 'Windows 10 Home; OS build 22000.318; Version 2009; 64bit' Language: 'en' Physical Memory: 32717 MB
BatchMode: 1, IsHumanControllingUs: 0, StartBugReporterOnCrash: 0, Is64bit: 1, IsPro: 0

COMMAND LINE ARGUMENTS:
C:\Program Files\Unity\Hub\Editor\2021.1.22f1\Editor\Unity.exe
-adb2
-batchMode
-noUpm
-name
AssetImportWorker0
-projectPath
C:/Users/Oboekenobi/Desktop/Fugue
-logFile
Logs/AssetImportWorker0.log
-srvPort
50167
Successfully changed project path to: C:/Users/Oboekenobi/Desktop/Fugue
C:/Users/Oboekenobi/Desktop/Fugue
Using Asset Import Pipeline V2.
Refreshing native plugins compatible for Editor in 33.09 ms, found 2 plugins.
Preloading 0 native plugins for Editor in 0.00 ms.
Initialize engine version: 2021.1.22f1 (a137e5fb0427)
[Subsystems] Discovering subsystems at path C:/Program Files/Unity/Hub/Editor/2021.1.22f1/Editor/Data/Resources/UnitySubsystems
[Subsystems] Discovering subsystems at path C:/Users/Oboekenobi/Desktop/Fugue/Assets
GfxDevice: creating device client; threaded=0; jobified=0
Direct3D:
    Version:  Direct3D 11.0 [level 11.1]
    Renderer: NVIDIA GeForce RTX 2080 SUPER (ID=0x1e81)
    Vendor:   NVIDIA
    VRAM:     8010 MB
    Driver:   27.21.14.6231
Initialize mono
Mono path[0] = 'C:/Program Files/Unity/Hub/Editor/2021.1.22f1/Editor/Data/Managed'
Mono path[1] = 'C:/Program Files/Unity/Hub/Editor/2021.1.22f1/Editor/Data/MonoBleedingEdge/lib/mono/unityjit'
Mono config path = 'C:/Program Files/Unity/Hub/Editor/2021.1.22f1/Editor/Data/MonoBleedingEdge/etc'
Using monoOptions --debugger-agent=transport=dt_socket,embedding=1,server=y,suspend=n,address=127.0.0.1:56180
Begin MonoManager ReloadAssembly
Registering precompiled unity dll's ...
Register platform support module: C:/Program Files/Unity/Hub/Editor/2021.1.22f1/Editor/Data/PlaybackEngines/MacStandaloneSupport/UnityEditor.OSXStandalone.Extensions.dll
Register platform support module: C:/Program Files/Unity/Hub/Editor/2021.1.22f1/Editor/Data/PlaybackEngines/WindowsStandaloneSupport/UnityEditor.WindowsStandalone.Extensions.dll
Registered in 0.001650 seconds.
Native extension for WindowsStandalone target not found
Native extension for OSXStandalone target not found
Refreshing native plugins compatible for Editor in 32.84 ms, found 2 plugins.
Preloading 0 native plugins for Editor in 0.00 ms.
Mono: successfully reloaded assembly
- Completed reload, in  0.963 seconds
Domain Reload Profiling:
	ReloadAssembly (963ms)
		BeginReloadAssembly (45ms)
			ExecutionOrderSort (0ms)
			DisableScriptedObjects (0ms)
			BackupInstance (0ms)
			ReleaseScriptingObjects (0ms)
			CreateAndSetChildDomain (1ms)
		EndReloadAssembly (335ms)
			LoadAssemblies (44ms)
			RebuildTransferFunctionScriptingTraits (0ms)
			SetupTypeCache (137ms)
			ReleaseScriptCaches (0ms)
			RebuildScriptCaches (23ms)
			SetupLoadedEditorAssemblies (138ms)
				LogAssemblyErrors (0ms)
				InitializePlatformSupportModulesInManaged (6ms)
				SetLoadedEditorAssemblies (0ms)
				RefreshPlugins (33ms)
				BeforeProcessingInitializeOnLoad (1ms)
				ProcessInitializeOnLoadAttributes (75ms)
				ProcessInitializeOnLoadMethodAttributes (23ms)
				AfterProcessingInitializeOnLoad (0ms)
				EditorAssembliesLoaded (0ms)
			ExecutionOrderSort2 (0ms)
			AwakeInstancesAfterBackupRestoration (0ms)
Platform modules already initialized, skipping
Registering precompiled user dll's ...
Registered in 0.001970 seconds.
Begin MonoManager ReloadAssembly
Native extension for WindowsStandalone target not found
Native extension for OSXStandalone target not found
Refreshing native plugins compatible for Editor in 0.54 ms, found 2 plugins.
Preloading 0 native plugins for Editor in 0.00 ms.
Mono: successfully reloaded assembly
- Completed reload, in  0.829 seconds
Domain Reload Profiling:
	ReloadAssembly (829ms)
		BeginReloadAssembly (125ms)
			ExecutionOrderSort (0ms)
			DisableScriptedObjects (4ms)
			BackupInstance (0ms)
			ReleaseScriptingObjects (0ms)
			CreateAndSetChildDomain (19ms)
		EndReloadAssembly (655ms)
			LoadAssemblies (69ms)
			RebuildTransferFunctionScriptingTraits (0ms)
			SetupTypeCache (236ms)
			ReleaseScriptCaches (0ms)
			RebuildScriptCaches (35ms)
			SetupLoadedEditorAssemblies (236ms)
				LogAssemblyErrors (0ms)
				InitializePlatformSupportModulesInManaged (5ms)
				SetLoadedEditorAssemblies (0ms)
				RefreshPlugins (1ms)
				BeforeProcessingInitializeOnLoad (45ms)
				ProcessInitializeOnLoadAttributes (177ms)
				ProcessInitializeOnLoadMethodAttributes (4ms)
				AfterProcessingInitializeOnLoad (4ms)
				EditorAssembliesLoaded (0ms)
			ExecutionOrderSort2 (0ms)
			AwakeInstancesAfterBackupRestoration (5ms)
Platform modules already initialized, skipping
========================================================================
Worker process is ready to serve import requests
Launched and connected shader compiler UnityShaderCompiler.exe after 0.04 seconds
Refreshing native plugins compatible for Editor in 0.80 ms, found 2 plugins.
Preloading 0 native plugins for Editor in 0.00 ms.
Unloading 1729 Unused Serialized files (Serialized files now loaded: 0)
System memory in use before: 109.9 MB.
System memory in use after: 110.0 MB.

Unloading 15 unused Assets to reduce memory usage. Loaded Objects now: 2220.
Total: 3.501000 ms (FindLiveObjects: 0.339000 ms CreateObjectMapping: 0.065300 ms MarkObjects: 3.071700 ms  DeleteObjects: 0.023400 ms)

AssetImportParameters requested are different than current active one (requested -> active):
  custom:framework-win-MediaFoundation: 216162199b28c13a410421893ffa2e32 -> 
  custom:video-decoder-ogg-theora: a1e56fd34408186e4bbccfd4996cb3dc -> 
  custom:container-muxer-webm: aa71ff27fc2769a1b78a27578f13a17b -> 
  custom:container-demuxer-webm: 4f35f7cbe854078d1ac9338744f61a02 -> 
  custom:container-demuxer-ogg: 62fdf1f143b41e24485cea50d1cbac27 -> 
  custom:video-encoder-webm-vp8: eb34c28f22e8b96e1ab97ce403110664 -> 
  custom:video-decoder-webm-vp8: 9c59270c3fd7afecdb556c50c9e8de78 -> 
  custom:audio-decoder-ogg-vorbis: bf7c407c2cedff20999df2af8eb42d56 -> 
  custom:audio-encoder-webm-vorbis: bf7c407c2cedff20999df2af8eb42d56 -> 
========================================================================
Received Import Request.
  path: Assets/Book_Script.cs
  artifactKey: Guid(83bd79f8af3b9f34a814bd3bfb48917c) Importer(815301076,1909f56bfc062723c751e8b465ee728b)
Start importing Assets/Book_Script.cs using Guid(83bd79f8af3b9f34a814bd3bfb48917c) Importer(815301076,1909f56bfc062723c751e8b465ee728b)  -> (artifact id: 'f6390883aa6fc80299e0ff3093e76862') in 0.031732 seconds 
========================================================================
Received Prepare
Registering precompiled user dll's ...
Registered in 0.001975 seconds.
Begin MonoManager ReloadAssembly
Native extension for WindowsStandalone target not found
Native extension for OSXStandalone target not found
Refreshing native plugins compatible for Editor in 0.52 ms, found 2 plugins.
Preloading 0 native plugins for Editor in 0.00 ms.
Mono: successfully reloaded assembly
- Completed reload, in  0.853 seconds
Domain Reload Profiling:
	ReloadAssembly (853ms)
		BeginReloadAssembly (93ms)
			ExecutionOrderSort (0ms)
			DisableScriptedObjects (4ms)
			BackupInstance (0ms)
			ReleaseScriptingObjects (0ms)
			CreateAndSetChildDomain (29ms)
		EndReloadAssembly (706ms)
			LoadAssemblies (70ms)
			RebuildTransferFunctionScriptingTraits (0ms)
			SetupTypeCache (238ms)
			ReleaseScriptCaches (1ms)
			RebuildScriptCaches (37ms)
			SetupLoadedEditorAssemblies (271ms)
				LogAssemblyErrors (0ms)
				InitializePlatformSupportModulesInManaged (5ms)
				SetLoadedEditorAssemblies (0ms)
				RefreshPlugins (1ms)
				BeforeProcessingInitializeOnLoad (44ms)
				ProcessInitializeOnLoadAttributes (210ms)
				ProcessInitializeOnLoadMethodAttributes (5ms)
				AfterProcessingInitializeOnLoad (5ms)
				EditorAssembliesLoaded (0ms)
			ExecutionOrderSort2 (0ms)
			AwakeInstancesAfterBackupRestoration (9ms)
Platform modules already initialized, skipping
Refreshing native plugins compatible for Editor in 1.11 ms, found 2 plugins.
Preloading 0 native plugins for Editor in 0.00 ms.
Unloading 1671 Unused Serialized files (Serialized files now loaded: 0)
System memory in use before: 104.5 MB.
System memory in use after: 104.6 MB.

Unloading 11 unused Assets to reduce memory usage. Loaded Objects now: 2222.
Total: 5.309600 ms (FindLiveObjects: 0.368600 ms CreateObjectMapping: 0.053100 ms MarkObjects: 4.861100 ms  DeleteObjects: 0.024700 ms)

AssetImportParameters requested are different than current active one (requested -> active):
  custom:framework-win-MediaFoundation: 216162199b28c13a410421893ffa2e32 -> 
  custom:video-decoder-ogg-theora: a1e56fd34408186e4bbccfd4996cb3dc -> 
  custom:container-muxer-webm: aa71ff27fc2769a1b78a27578f13a17b -> 
  custom:container-demuxer-webm: 4f35f7cbe854078d1ac9338744f61a02 -> 
  custom:container-demuxer-ogg: 62fdf1f143b41e24485cea50d1cbac27 -> 
  custom:video-encoder-webm-vp8: eb34c28f22e8b96e1ab97ce403110664 -> 
  custom:video-decoder-webm-vp8: 9c59270c3fd7afecdb556c50c9e8de78 -> 
  custom:audio-decoder-ogg-vorbis: bf7c407c2cedff20999df2af8eb42d56 -> 
  custom:audio-encoder-webm-vorbis: bf7c407c2cedff20999df2af8eb42d56 -> 
========================================================================
Received Import Request.
  Time since last request: 155637.017836 seconds.
  path: Assets/Quantum Tek/Quantum Dialogue/Editor/Data/Demo Node Database.asset
  artifactKey: Guid(ccc1ad9d50a684f32a381ebd2a54d6f8) Importer(815301076,1909f56bfc062723c751e8b465ee728b)
Start importing Assets/Quantum Tek/Quantum Dialogue/Editor/Data/Demo Node Database.asset using Guid(ccc1ad9d50a684f32a381ebd2a54d6f8) Importer(815301076,1909f56bfc062723c751e8b465ee728b)  -> (artifact id: '6cbc6895c02644ac491d57fdde4d918e') in 0.252870 seconds 
========================================================================
Received Import Request.
  Time since last request: 1867.186632 seconds.
  path: Assets/Quantum Tek/Quantum Dialogue/Editor/Data/Demo Node Database.asset
  artifactKey: Guid(ccc1ad9d50a684f32a381ebd2a54d6f8) Importer(815301076,1909f56bfc062723c751e8b465ee728b)
Start importing Assets/Quantum Tek/Quantum Dialogue/Editor/Data/Demo Node Database.asset using Guid(ccc1ad9d50a684f32a381ebd2a54d6f8) Importer(815301076,1909f56bfc062723c751e8b465ee728b)  -> (artifact id: '1bc4cbc4301f8571f0306580ecf0a136') in 0.011716 seconds 
========================================================================
Received Import Request.
  Time since last request: 343.318991 seconds.
  path: Assets/Quantum Tek/Quantum Dialogue/Editor/Data/Demo Node Database.asset
  artifactKey: Guid(ccc1ad9d50a684f32a381ebd2a54d6f8) Importer(815301076,1909f56bfc062723c751e8b465ee728b)
Start importing Assets/Quantum Tek/Quantum Dialogue/Editor/Data/Demo Node Database.asset using Guid(ccc1ad9d50a684f32a381ebd2a54d6f8) Importer(815301076,1909f56bfc062723c751e8b465ee728b)  -> (artifact id: '52ee91e5a8a41144caabfa0854a11c1f') in 0.006401 seconds 
========================================================================
Received Import Request.
  Time since last request: 934.469835 seconds.
  path: Assets/Quantum Tek/Quantum Dialogue/Editor/Data/Demo Node Database.asset
  artifactKey: Guid(ccc1ad9d50a684f32a381ebd2a54d6f8) Importer(815301076,1909f56bfc062723c751e8b465ee728b)
Start importing Assets/Quantum Tek/Quantum Dialogue/Editor/Data/Demo Node Database.asset using Guid(ccc1ad9d50a684f32a381ebd2a54d6f8) Importer(815301076,1909f56bfc062723c751e8b465ee728b)  -> (artifact id: 'efbd996b2accdee5062017c12c63afbc') in 0.007271 seconds 
========================================================================
Received Import Request.
  Time since last request: 518.852143 seconds.
  path: Assets/Quantum Tek/Quantum Dialogue/Editor/Data/Demo Node Database.asset
  artifactKey: Guid(ccc1ad9d50a684f32a381ebd2a54d6f8) Importer(815301076,1909f56bfc062723c751e8b465ee728b)
Start importing Assets/Quantum Tek/Quantum Dialogue/Editor/Data/Demo Node Database.asset using Guid(ccc1ad9d50a684f32a381ebd2a54d6f8) Importer(815301076,1909f56bfc062723c751e8b465ee728b)  -> (artifact id: '08d0dac4129093ce3de0045d7a99e90b') in 0.007862 seconds 
========================================================================
Received Import Request.
  Time since last request: 817.904381 seconds.
  path: Assets/Quantum Tek/Quantum Dialogue/Editor/Data/Demo Node Database.asset
  artifactKey: Guid(ccc1ad9d50a684f32a381ebd2a54d6f8) Importer(815301076,1909f56bfc062723c751e8b465ee728b)
Start importing Assets/Quantum Tek/Quantum Dialogue/Editor/Data/Demo Node Database.asset using Guid(ccc1ad9d50a684f32a381ebd2a54d6f8) Importer(815301076,1909f56bfc062723c751e8b465ee728b)  -> (artifact id: '8a283504976f956c210aace77397ae1f') in 0.013693 seconds 
========================================================================
Received Import Request.
  Time since last request: 116.446175 seconds.
  path: Assets/Quantum Tek/Quantum Dialogue/Editor/Data/Demo Node Database.asset
  artifactKey: Guid(ccc1ad9d50a684f32a381ebd2a54d6f8) Importer(815301076,1909f56bfc062723c751e8b465ee728b)
Start importing Assets/Quantum Tek/Quantum Dialogue/Editor/Data/Demo Node Database.asset using Guid(ccc1ad9d50a684f32a381ebd2a54d6f8) Importer(815301076,1909f56bfc062723c751e8b465ee728b)  -> (artifact id: '511ee9a4453b18649d5b829f77fb2459') in 0.009672 seconds 
========================================================================
Received Import Request.
  Time since last request: 124.828741 seconds.
  path: Assets/Quantum Tek/Quantum Dialogue/Editor/Data/Demo Node Database.asset
  artifactKey: Guid(ccc1ad9d50a684f32a381ebd2a54d6f8) Importer(815301076,1909f56bfc062723c751e8b465ee728b)
Start importing Assets/Quantum Tek/Quantum Dialogue/Editor/Data/Demo Node Database.asset using Guid(ccc1ad9d50a684f32a381ebd2a54d6f8) Importer(815301076,1909f56bfc062723c751e8b465ee728b)  -> (artifact id: '936b1ae898c3d728215f6df4b38415d1') in 0.010228 seconds 
AssetImportWorkerClient::OnTransportError - code=2 error=End of file
